  Main.cpp
C:\Users\Administrator\Desktop\DataStructure24-09\DataStructure\GameRoom.h(99,9): warning C4804: '<=': 연산에 'bool' 형식을 사용하는 것은 안전하지 않습니다.
  (소스 파일 'Main.cpp'을(를) 컴파일하는 중)
  
C:\Users\Administrator\Desktop\DataStructure24-09\DataStructure\heap.h(54,12): warning C4267: '초기화 중': 'size_t'에서 'int'(으)로 변환하면서 데이터가 손실될 수 있습니다.
  (소스 파일 'Main.cpp'을(를) 컴파일하는 중)
  
C:\Users\Administrator\Desktop\DataStructure24-09\DataStructure\heap.h(83,25): warning C4267: '인수': 'size_t'에서 'int'(으)로 변환하면서 데이터가 손실될 수 있습니다.
  (소스 파일 'Main.cpp'을(를) 컴파일하는 중)
  
C:\Users\Administrator\Desktop\DataStructure24-09\DataStructure\heap.h(113,37): warning C4267: 'return': 'size_t'에서 'int'(으)로 변환하면서 데이터가 손실될 수 있습니다.
  (소스 파일 'Main.cpp'을(를) 컴파일하는 중)
  
C:\Users\Administrator\Desktop\DataStructure24-09\DataStructure\set.h(39,52): warning C4244: '초기화 중': 'int'에서 'float'(으)로 변환하면서 데이터가 손실될 수 있습니다.
  (소스 파일 'Main.cpp'을(를) 컴파일하는 중)
  
C:\Users\Administrator\Desktop\DataStructure24-09\DataStructure\set.h(69,30): warning C4244: '인수': 'float'에서 'int'(으)로 변환하면서 데이터가 손실될 수 있습니다.
  (소스 파일 'Main.cpp'을(를) 컴파일하는 중)
  
C:\Users\Administrator\Desktop\DataStructure24-09\DataStructure\set.h(70,30): warning C4244: '인수': 'float'에서 'int'(으)로 변환하면서 데이터가 손실될 수 있습니다.
  (소스 파일 'Main.cpp'을(를) 컴파일하는 중)
  
C:\Users\Administrator\Desktop\DataStructure24-09\DataStructure\set.h(71,30): warning C4244: '인수': 'float'에서 'int'(으)로 변환하면서 데이터가 손실될 수 있습니다.
  (소스 파일 'Main.cpp'을(를) 컴파일하는 중)
  
C:\Users\Administrator\Desktop\DataStructure24-09\DataStructure\set.h(76,48): warning C4244: '인수': 'float'에서 'int'(으)로 변환하면서 데이터가 손실될 수 있습니다.
  (소스 파일 'Main.cpp'을(를) 컴파일하는 중)
  
C:\Users\Administrator\Desktop\DataStructure24-09\DataStructure\set.h(77,48): warning C4244: '인수': 'float'에서 'int'(으)로 변환하면서 데이터가 손실될 수 있습니다.
  (소스 파일 'Main.cpp'을(를) 컴파일하는 중)
  
C:\Users\Administrator\Desktop\DataStructure24-09\DataStructure\set.h(78,48): warning C4244: '인수': 'float'에서 'int'(으)로 변환하면서 데이터가 손실될 수 있습니다.
  (소스 파일 'Main.cpp'을(를) 컴파일하는 중)
  
C:\Users\Administrator\Desktop\DataStructure24-09\DataStructure\hashTable.h(42,10): warning C4834: [[nodiscard]] 특성이 포함된 함수의 반환 값을 버리는 중입니다.
  (소스 파일 'Main.cpp'을(를) 컴파일하는 중)
  
C:\Users\Administrator\Desktop\DataStructure24-09\DataStructure\MyQueue.h(57,1): warning C4172: 지역 변수 또는 임시: temp의 주소를 반환하고 있습니다.
C:\Users\Administrator\Desktop\DataStructure24-09\DataStructure\iterator.h(53,1): warning C4172: 지역 변수 또는 임시: temp의 주소를 반환하고 있습니다.
C:\Users\Administrator\Desktop\DataStructure24-09\DataStructure\iterator.h(53,1): warning C4172: 지역 변수 또는 임시: temp의 주소를 반환하고 있습니다.
C:\Users\Administrator\Desktop\DataStructure24-09\DataStructure\tree.h(163,1): warning C4715: 'BinarySearchTree::search': 모든 제어 경로에서 값을 반환하지는 않습니다.
  DataStructure.vcxproj -> C:\Users\Administrator\Desktop\DataStructure24-09\DataStructure\x64\Debug\DataStructure.exe
